2026-04-28 14:18:40,632 vsbs_carla.live INFO connected to CARLA 127.0.0.1:2000 server-version=0.9.16 client-version=0.9.16
2026-04-28 14:18:41,041 vsbs_carla.live INFO reusing current world town=Town01
2026-04-28 14:18:45,264 vsbs_carla.live INFO ego spawned id=211 blueprint=vehicle.tesla.model3 at Location(x=0.000000, y=0.000000, z=0.000000)
2026-04-28 14:18:45,298 vsbs_carla.live INFO spawned 6 NPCs (requested 6)
2026-04-28 14:18:45,299 vsbs_carla.live INFO service centre target: Location(x=396.637573, y=318.382263, z=0.300000) (508.6m from ego)
2026-04-28 14:18:45,299 vsbs_carla.live INFO controller: autopilot
2026-04-28 14:18:45,445 httpx INFO HTTP Request: POST http://localhost:8787/v1/scenarios/bootstrap-consent "HTTP/1.1 201 Created"
2026-04-28 14:18:45,446 vsbs_carla.live INFO bootstrap-consent granted 5 purposes
2026-04-28 14:18:45,446 vsbs_carla.live INFO === entering main loop ===
2026-04-28 14:18:45,450 httpx INFO HTTP Request: POST http://localhost:8787/v1/scenarios/carla-demo/start "HTTP/1.1 201 Created"
2026-04-28 14:18:45,454 httpx INFO HTTP Request: POST http://localhost:8787/v1/scenarios/f91a5d06-8fc9-41a2-b4c4-d14bb17c29aa/transition "HTTP/1.1 200 OK"
2026-04-28 14:18:45,454 vsbs_carla.agent INFO state=DRIVING_HOME_AREA note=Ego is warming up around home.
2026-04-28 14:18:45,485 httpx INFO HTTP Request: POST http://localhost:8787/v1/sensors/ingest "HTTP/1.1 202 Accepted"
2026-04-28 14:18:46,215 httpx INFO HTTP Request: POST http://localhost:8787/v1/sensors/ingest "HTTP/1.1 202 Accepted"
2026-04-28 14:18:47,040 httpx INFO HTTP Request: POST http://localhost:8787/v1/sensors/ingest "HTTP/1.1 202 Accepted"
2026-04-28 14:18:47,864 httpx INFO HTTP Request: POST http://localhost:8787/v1/sensors/ingest "HTTP/1.1 202 Accepted"
2026-04-28 14:18:48,754 httpx INFO HTTP Request: POST http://localhost:8787/v1/sensors/ingest "HTTP/1.1 202 Accepted"
2026-04-28 14:18:49,623 httpx INFO HTTP Request: POST http://localhost:8787/v1/sensors/ingest "HTTP/1.1 202 Accepted"
2026-04-28 14:18:50,518 httpx INFO HTTP Request: POST http://localhost:8787/v1/sensors/ingest "HTTP/1.1 202 Accepted"
2026-04-28 14:18:51,356 httpx INFO HTTP Request: POST http://localhost:8787/v1/sensors/ingest "HTTP/1.1 202 Accepted"
2026-04-28 14:18:52,148 httpx INFO HTTP Request: POST http://localhost:8787/v1/sensors/ingest "HTTP/1.1 202 Accepted"
2026-04-28 14:18:52,956 httpx INFO HTTP Request: POST http://localhost:8787/v1/sensors/ingest "HTTP/1.1 202 Accepted"
2026-04-28 14:18:53,831 httpx INFO HTTP Request: POST http://localhost:8787/v1/sensors/ingest "HTTP/1.1 202 Accepted"
2026-04-28 14:18:54,595 httpx INFO HTTP Request: POST http://localhost:8787/v1/sensors/ingest "HTTP/1.1 202 Accepted"
2026-04-28 14:18:55,352 httpx INFO HTTP Request: POST http://localhost:8787/v1/sensors/ingest "HTTP/1.1 202 Accepted"
2026-04-28 14:18:56,110 httpx INFO HTTP Request: POST http://localhost:8787/v1/sensors/ingest "HTTP/1.1 202 Accepted"
2026-04-28 14:18:56,874 httpx INFO HTTP Request: POST http://localhost:8787/v1/sensors/ingest "HTTP/1.1 202 Accepted"
2026-04-28 14:18:57,623 httpx INFO HTTP Request: POST http://localhost:8787/v1/sensors/ingest "HTTP/1.1 202 Accepted"
2026-04-28 14:18:58,382 httpx INFO HTTP Request: POST http://localhost:8787/v1/sensors/ingest "HTTP/1.1 202 Accepted"
2026-04-28 14:18:59,148 httpx INFO HTTP Request: POST http://localhost:8787/v1/sensors/ingest "HTTP/1.1 202 Accepted"
2026-04-28 14:18:59,898 httpx INFO HTTP Request: POST http://localhost:8787/v1/sensors/ingest "HTTP/1.1 202 Accepted"
2026-04-28 14:19:00,640 httpx INFO HTTP Request: POST http://localhost:8787/v1/sensors/ingest "HTTP/1.1 202 Accepted"
2026-04-28 14:19:01,379 httpx INFO HTTP Request: POST http://localhost:8787/v1/sensors/ingest "HTTP/1.1 202 Accepted"
2026-04-28 14:19:02,125 httpx INFO HTTP Request: POST http://localhost:8787/v1/sensors/ingest "HTTP/1.1 202 Accepted"
2026-04-28 14:19:02,861 httpx INFO HTTP Request: POST http://localhost:8787/v1/sensors/ingest "HTTP/1.1 202 Accepted"
2026-04-28 14:19:03,604 httpx INFO HTTP Request: POST http://localhost:8787/v1/sensors/ingest "HTTP/1.1 202 Accepted"
2026-04-28 14:19:04,355 httpx INFO HTTP Request: POST http://localhost:8787/v1/sensors/ingest "HTTP/1.1 202 Accepted"
2026-04-28 14:19:05,097 httpx INFO HTTP Request: POST http://localhost:8787/v1/sensors/ingest "HTTP/1.1 202 Accepted"
2026-04-28 14:19:05,840 httpx INFO HTTP Request: POST http://localhost:8787/v1/sensors/ingest "HTTP/1.1 202 Accepted"
2026-04-28 14:19:06,580 httpx INFO HTTP Request: POST http://localhost:8787/v1/sensors/ingest "HTTP/1.1 202 Accepted"
2026-04-28 14:19:07,315 httpx INFO HTTP Request: POST http://localhost:8787/v1/sensors/ingest "HTTP/1.1 202 Accepted"
2026-04-28 14:19:08,055 httpx INFO HTTP Request: POST http://localhost:8787/v1/sensors/ingest "HTTP/1.1 202 Accepted"
2026-04-28 14:19:08,800 httpx INFO HTTP Request: POST http://localhost:8787/v1/sensors/ingest "HTTP/1.1 202 Accepted"
2026-04-28 14:19:09,541 httpx INFO HTTP Request: POST http://localhost:8787/v1/sensors/ingest "HTTP/1.1 202 Accepted"
2026-04-28 14:19:10,317 httpx INFO HTTP Request: POST http://localhost:8787/v1/sensors/ingest "HTTP/1.1 202 Accepted"
2026-04-28 14:19:10,384 vsbs_carla.live INFO PHM critical at t=32.5 (brake_pad_pct=17.9)
2026-04-28 14:19:10,393 httpx INFO HTTP Request: POST http://localhost:8787/v1/scenarios/f91a5d06-8fc9-41a2-b4c4-d14bb17c29aa/transition "HTTP/1.1 200 OK"
2026-04-28 14:19:10,394 vsbs_carla.agent INFO state=FAULT_INJECTING note=PHM critical for brakes-pads-front.
2026-04-28 14:19:10,399 httpx INFO HTTP Request: POST http://localhost:8787/v1/scenarios/f91a5d06-8fc9-41a2-b4c4-d14bb17c29aa/transition "HTTP/1.1 200 OK"
2026-04-28 14:19:10,400 vsbs_carla.agent INFO state=BOOKING_PENDING note=Drafting booking from PHM trigger.
2026-04-28 14:19:10,411 httpx INFO HTTP Request: POST http://localhost:8787/v1/phm/carla-veh-live-1777366118/triggers/booking "HTTP/1.1 201 Created"
2026-04-28 14:19:10,423 httpx INFO HTTP Request: POST http://localhost:8787/v1/dispatch/shortlist "HTTP/1.1 200 OK"
2026-04-28 14:19:10,432 httpx INFO HTTP Request: POST http://localhost:8787/v1/bookings "HTTP/1.1 201 Created"
2026-04-28 14:19:10,439 httpx INFO HTTP Request: POST http://localhost:8787/v1/dispatch/c17bbdbc-101a-4a09-a3a4-3d201912ac95/start "HTTP/1.1 201 Created"
2026-04-28 14:19:10,449 httpx INFO HTTP Request: POST http://localhost:8787/v1/scenarios/f91a5d06-8fc9-41a2-b4c4-d14bb17c29aa/transition "HTTP/1.1 200 OK"
2026-04-28 14:19:10,449 vsbs_carla.agent INFO state=AWAITING_GRANT note=Booking c17bbdbc-101a-4a09-a3a4-3d201912ac95 opened at GoMechanic Karol Bagh; minting outbound grant.
2026-04-28 14:19:10,453 httpx INFO HTTP Request: POST http://localhost:8787/v1/scenarios/f91a5d06-8fc9-41a2-b4c4-d14bb17c29aa/transition "HTTP/1.1 200 OK"
2026-04-28 14:19:10,454 vsbs_carla.agent INFO state=DRIVING_TO_SC note=Outbound grant 6f0bb02d-cb18-429f-a892-2629e276db67 verified; en route.
2026-04-28 14:19:10,454 vsbs_carla.live INFO outbound grant minted; switching driver to BasicAgent → SC
2026-04-28 14:19:10,521 vsbs_carla.live INFO controller: BasicAgent routing to Location(x=396.637573, y=318.382263, z=0.300000)
2026-04-28 14:19:11,152 httpx INFO HTTP Request: POST http://localhost:8787/v1/sensors/ingest "HTTP/1.1 202 Accepted"
2026-04-28 14:19:11,934 httpx INFO HTTP Request: POST http://localhost:8787/v1/sensors/ingest "HTTP/1.1 202 Accepted"
2026-04-28 14:19:12,717 httpx INFO HTTP Request: POST http://localhost:8787/v1/sensors/ingest "HTTP/1.1 202 Accepted"
2026-04-28 14:19:13,502 httpx INFO HTTP Request: POST http://localhost:8787/v1/sensors/ingest "HTTP/1.1 202 Accepted"
2026-04-28 14:19:14,314 httpx INFO HTTP Request: POST http://localhost:8787/v1/sensors/ingest "HTTP/1.1 202 Accepted"
2026-04-28 14:19:15,124 httpx INFO HTTP Request: POST http://localhost:8787/v1/sensors/ingest "HTTP/1.1 202 Accepted"
2026-04-28 14:19:15,924 httpx INFO HTTP Request: POST http://localhost:8787/v1/sensors/ingest "HTTP/1.1 202 Accepted"
2026-04-28 14:19:16,734 httpx INFO HTTP Request: POST http://localhost:8787/v1/sensors/ingest "HTTP/1.1 202 Accepted"
2026-04-28 14:19:17,596 httpx INFO HTTP Request: POST http://localhost:8787/v1/sensors/ingest "HTTP/1.1 202 Accepted"
2026-04-28 14:19:18,714 httpx INFO HTTP Request: POST http://localhost:8787/v1/sensors/ingest "HTTP/1.1 202 Accepted"
2026-04-28 14:19:19,603 httpx INFO HTTP Request: POST http://localhost:8787/v1/sensors/ingest "HTTP/1.1 202 Accepted"
2026-04-28 14:19:20,445 httpx INFO HTTP Request: POST http://localhost:8787/v1/sensors/ingest "HTTP/1.1 202 Accepted"
2026-04-28 14:19:21,252 httpx INFO HTTP Request: POST http://localhost:8787/v1/sensors/ingest "HTTP/1.1 202 Accepted"
2026-04-28 14:19:22,081 httpx INFO HTTP Request: POST http://localhost:8787/v1/sensors/ingest "HTTP/1.1 202 Accepted"
2026-04-28 14:19:22,947 httpx INFO HTTP Request: POST http://localhost:8787/v1/sensors/ingest "HTTP/1.1 202 Accepted"
2026-04-28 14:19:23,766 httpx INFO HTTP Request: POST http://localhost:8787/v1/sensors/ingest "HTTP/1.1 202 Accepted"
2026-04-28 14:19:24,636 httpx INFO HTTP Request: POST http://localhost:8787/v1/sensors/ingest "HTTP/1.1 202 Accepted"
2026-04-28 14:19:25,466 httpx INFO HTTP Request: POST http://localhost:8787/v1/sensors/ingest "HTTP/1.1 202 Accepted"
2026-04-28 14:19:26,306 httpx INFO HTTP Request: POST http://localhost:8787/v1/sensors/ingest "HTTP/1.1 202 Accepted"
2026-04-28 14:19:27,118 httpx INFO HTTP Request: POST http://localhost:8787/v1/sensors/ingest "HTTP/1.1 202 Accepted"
2026-04-28 14:19:27,958 httpx INFO HTTP Request: POST http://localhost:8787/v1/sensors/ingest "HTTP/1.1 202 Accepted"
2026-04-28 14:19:28,801 httpx INFO HTTP Request: POST http://localhost:8787/v1/sensors/ingest "HTTP/1.1 202 Accepted"
2026-04-28 14:19:29,635 httpx INFO HTTP Request: POST http://localhost:8787/v1/sensors/ingest "HTTP/1.1 202 Accepted"
2026-04-28 14:19:30,508 httpx INFO HTTP Request: POST http://localhost:8787/v1/sensors/ingest "HTTP/1.1 202 Accepted"
2026-04-28 14:19:31,341 httpx INFO HTTP Request: POST http://localhost:8787/v1/sensors/ingest "HTTP/1.1 202 Accepted"
2026-04-28 14:19:32,170 httpx INFO HTTP Request: POST http://localhost:8787/v1/sensors/ingest "HTTP/1.1 202 Accepted"
2026-04-28 14:19:32,950 httpx INFO HTTP Request: POST http://localhost:8787/v1/sensors/ingest "HTTP/1.1 202 Accepted"
2026-04-28 14:19:33,763 httpx INFO HTTP Request: POST http://localhost:8787/v1/sensors/ingest "HTTP/1.1 202 Accepted"
2026-04-28 14:19:34,572 httpx INFO HTTP Request: POST http://localhost:8787/v1/sensors/ingest "HTTP/1.1 202 Accepted"
2026-04-28 14:19:35,348 httpx INFO HTTP Request: POST http://localhost:8787/v1/sensors/ingest "HTTP/1.1 202 Accepted"
2026-04-28 14:19:36,471 httpx INFO HTTP Request: POST http://localhost:8787/v1/sensors/ingest "HTTP/1.1 202 Accepted"
2026-04-28 14:19:37,336 httpx INFO HTTP Request: POST http://localhost:8787/v1/sensors/ingest "HTTP/1.1 202 Accepted"
2026-04-28 14:19:38,467 httpx INFO HTTP Request: POST http://localhost:8787/v1/sensors/ingest "HTTP/1.1 202 Accepted"
2026-04-28 14:19:39,243 httpx INFO HTTP Request: POST http://localhost:8787/v1/sensors/ingest "HTTP/1.1 202 Accepted"
2026-04-28 14:19:40,022 httpx INFO HTTP Request: POST http://localhost:8787/v1/sensors/ingest "HTTP/1.1 202 Accepted"
2026-04-28 14:19:40,803 httpx INFO HTTP Request: POST http://localhost:8787/v1/sensors/ingest "HTTP/1.1 202 Accepted"
2026-04-28 14:19:41,585 httpx INFO HTTP Request: POST http://localhost:8787/v1/sensors/ingest "HTTP/1.1 202 Accepted"
2026-04-28 14:19:42,365 httpx INFO HTTP Request: POST http://localhost:8787/v1/sensors/ingest "HTTP/1.1 202 Accepted"
2026-04-28 14:19:43,147 httpx INFO HTTP Request: POST http://localhost:8787/v1/sensors/ingest "HTTP/1.1 202 Accepted"
2026-04-28 14:19:43,938 httpx INFO HTTP Request: POST http://localhost:8787/v1/sensors/ingest "HTTP/1.1 202 Accepted"
2026-04-28 14:19:44,716 httpx INFO HTTP Request: POST http://localhost:8787/v1/sensors/ingest "HTTP/1.1 202 Accepted"
2026-04-28 14:19:45,501 httpx INFO HTTP Request: POST http://localhost:8787/v1/sensors/ingest "HTTP/1.1 202 Accepted"
2026-04-28 14:19:46,285 httpx INFO HTTP Request: POST http://localhost:8787/v1/sensors/ingest "HTTP/1.1 202 Accepted"
2026-04-28 14:19:47,067 httpx INFO HTTP Request: POST http://localhost:8787/v1/sensors/ingest "HTTP/1.1 202 Accepted"
2026-04-28 14:19:47,868 httpx INFO HTTP Request: POST http://localhost:8787/v1/sensors/ingest "HTTP/1.1 202 Accepted"
2026-04-28 14:19:48,643 httpx INFO HTTP Request: POST http://localhost:8787/v1/sensors/ingest "HTTP/1.1 202 Accepted"
2026-04-28 14:19:49,436 httpx INFO HTTP Request: POST http://localhost:8787/v1/sensors/ingest "HTTP/1.1 202 Accepted"
2026-04-28 14:19:50,217 httpx INFO HTTP Request: POST http://localhost:8787/v1/sensors/ingest "HTTP/1.1 202 Accepted"
2026-04-28 14:19:51,017 httpx INFO HTTP Request: POST http://localhost:8787/v1/sensors/ingest "HTTP/1.1 202 Accepted"
2026-04-28 14:19:51,805 httpx INFO HTTP Request: POST http://localhost:8787/v1/sensors/ingest "HTTP/1.1 202 Accepted"
2026-04-28 14:19:52,669 httpx INFO HTTP Request: POST http://localhost:8787/v1/sensors/ingest "HTTP/1.1 202 Accepted"
2026-04-28 14:19:53,479 httpx INFO HTTP Request: POST http://localhost:8787/v1/sensors/ingest "HTTP/1.1 202 Accepted"
2026-04-28 14:19:54,314 httpx INFO HTTP Request: POST http://localhost:8787/v1/sensors/ingest "HTTP/1.1 202 Accepted"
2026-04-28 14:19:55,122 httpx INFO HTTP Request: POST http://localhost:8787/v1/sensors/ingest "HTTP/1.1 202 Accepted"
2026-04-28 14:19:55,931 httpx INFO HTTP Request: POST http://localhost:8787/v1/sensors/ingest "HTTP/1.1 202 Accepted"
2026-04-28 14:19:56,744 httpx INFO HTTP Request: POST http://localhost:8787/v1/sensors/ingest "HTTP/1.1 202 Accepted"
2026-04-28 14:19:57,550 httpx INFO HTTP Request: POST http://localhost:8787/v1/sensors/ingest "HTTP/1.1 202 Accepted"
2026-04-28 14:19:58,420 httpx INFO HTTP Request: POST http://localhost:8787/v1/sensors/ingest "HTTP/1.1 202 Accepted"
2026-04-28 14:19:59,270 httpx INFO HTTP Request: POST http://localhost:8787/v1/sensors/ingest "HTTP/1.1 202 Accepted"
2026-04-28 14:20:00,091 httpx INFO HTTP Request: POST http://localhost:8787/v1/sensors/ingest "HTTP/1.1 202 Accepted"
2026-04-28 14:20:00,907 httpx INFO HTTP Request: POST http://localhost:8787/v1/sensors/ingest "HTTP/1.1 202 Accepted"
2026-04-28 14:20:01,771 httpx INFO HTTP Request: POST http://localhost:8787/v1/sensors/ingest "HTTP/1.1 202 Accepted"
2026-04-28 14:20:02,597 httpx INFO HTTP Request: POST http://localhost:8787/v1/sensors/ingest "HTTP/1.1 202 Accepted"
2026-04-28 14:20:03,946 httpx INFO HTTP Request: POST http://localhost:8787/v1/sensors/ingest "HTTP/1.1 202 Accepted"
2026-04-28 14:20:04,962 httpx INFO HTTP Request: POST http://localhost:8787/v1/sensors/ingest "HTTP/1.1 202 Accepted"
2026-04-28 14:20:05,886 httpx INFO HTTP Request: POST http://localhost:8787/v1/sensors/ingest "HTTP/1.1 202 Accepted"
2026-04-28 14:20:06,816 httpx INFO HTTP Request: POST http://localhost:8787/v1/sensors/ingest "HTTP/1.1 202 Accepted"
2026-04-28 14:20:07,618 httpx INFO HTTP Request: POST http://localhost:8787/v1/sensors/ingest "HTTP/1.1 202 Accepted"
2026-04-28 14:20:08,445 httpx INFO HTTP Request: POST http://localhost:8787/v1/sensors/ingest "HTTP/1.1 202 Accepted"
2026-04-28 14:20:09,283 httpx INFO HTTP Request: POST http://localhost:8787/v1/sensors/ingest "HTTP/1.1 202 Accepted"
2026-04-28 14:20:10,179 httpx INFO HTTP Request: POST http://localhost:8787/v1/sensors/ingest "HTTP/1.1 202 Accepted"
2026-04-28 14:20:11,010 httpx INFO HTTP Request: POST http://localhost:8787/v1/sensors/ingest "HTTP/1.1 202 Accepted"
2026-04-28 14:20:11,804 httpx INFO HTTP Request: POST http://localhost:8787/v1/sensors/ingest "HTTP/1.1 202 Accepted"
2026-04-28 14:20:12,595 httpx INFO HTTP Request: POST http://localhost:8787/v1/sensors/ingest "HTTP/1.1 202 Accepted"
2026-04-28 14:20:13,378 httpx INFO HTTP Request: POST http://localhost:8787/v1/sensors/ingest "HTTP/1.1 202 Accepted"
2026-04-28 14:20:14,164 httpx INFO HTTP Request: POST http://localhost:8787/v1/sensors/ingest "HTTP/1.1 202 Accepted"
2026-04-28 14:20:14,947 httpx INFO HTTP Request: POST http://localhost:8787/v1/sensors/ingest "HTTP/1.1 202 Accepted"
2026-04-28 14:20:15,734 httpx INFO HTTP Request: POST http://localhost:8787/v1/sensors/ingest "HTTP/1.1 202 Accepted"
2026-04-28 14:20:16,521 httpx INFO HTTP Request: POST http://localhost:8787/v1/sensors/ingest "HTTP/1.1 202 Accepted"
2026-04-28 14:20:17,321 httpx INFO HTTP Request: POST http://localhost:8787/v1/sensors/ingest "HTTP/1.1 202 Accepted"
2026-04-28 14:20:18,101 httpx INFO HTTP Request: POST http://localhost:8787/v1/sensors/ingest "HTTP/1.1 202 Accepted"
2026-04-28 14:20:18,889 httpx INFO HTTP Request: POST http://localhost:8787/v1/sensors/ingest "HTTP/1.1 202 Accepted"
2026-04-28 14:20:19,668 httpx INFO HTTP Request: POST http://localhost:8787/v1/sensors/ingest "HTTP/1.1 202 Accepted"
2026-04-28 14:20:20,449 httpx INFO HTTP Request: POST http://localhost:8787/v1/sensors/ingest "HTTP/1.1 202 Accepted"
2026-04-28 14:20:21,228 httpx INFO HTTP Request: POST http://localhost:8787/v1/sensors/ingest "HTTP/1.1 202 Accepted"
2026-04-28 14:20:22,033 httpx INFO HTTP Request: POST http://localhost:8787/v1/sensors/ingest "HTTP/1.1 202 Accepted"
2026-04-28 14:20:22,812 httpx INFO HTTP Request: POST http://localhost:8787/v1/sensors/ingest "HTTP/1.1 202 Accepted"
2026-04-28 14:20:23,605 httpx INFO HTTP Request: POST http://localhost:8787/v1/sensors/ingest "HTTP/1.1 202 Accepted"
2026-04-28 14:20:24,392 httpx INFO HTTP Request: POST http://localhost:8787/v1/sensors/ingest "HTTP/1.1 202 Accepted"
2026-04-28 14:20:25,174 httpx INFO HTTP Request: POST http://localhost:8787/v1/sensors/ingest "HTTP/1.1 202 Accepted"
2026-04-28 14:20:25,986 httpx INFO HTTP Request: POST http://localhost:8787/v1/sensors/ingest "HTTP/1.1 202 Accepted"
2026-04-28 14:20:26,731 httpx INFO HTTP Request: POST http://localhost:8787/v1/sensors/ingest "HTTP/1.1 202 Accepted"
2026-04-28 14:20:27,481 httpx INFO HTTP Request: POST http://localhost:8787/v1/sensors/ingest "HTTP/1.1 202 Accepted"
2026-04-28 14:20:28,257 httpx INFO HTTP Request: POST http://localhost:8787/v1/sensors/ingest "HTTP/1.1 202 Accepted"
2026-04-28 14:20:29,011 httpx INFO HTTP Request: POST http://localhost:8787/v1/sensors/ingest "HTTP/1.1 202 Accepted"
2026-04-28 14:20:29,764 httpx INFO HTTP Request: POST http://localhost:8787/v1/sensors/ingest "HTTP/1.1 202 Accepted"
2026-04-28 14:20:30,512 httpx INFO HTTP Request: POST http://localhost:8787/v1/sensors/ingest "HTTP/1.1 202 Accepted"
2026-04-28 14:20:31,274 httpx INFO HTTP Request: POST http://localhost:8787/v1/sensors/ingest "HTTP/1.1 202 Accepted"
2026-04-28 14:20:32,072 httpx INFO HTTP Request: POST http://localhost:8787/v1/sensors/ingest "HTTP/1.1 202 Accepted"
2026-04-28 14:20:32,968 httpx INFO HTTP Request: POST http://localhost:8787/v1/sensors/ingest "HTTP/1.1 202 Accepted"
2026-04-28 14:20:33,752 httpx INFO HTTP Request: POST http://localhost:8787/v1/sensors/ingest "HTTP/1.1 202 Accepted"
2026-04-28 14:20:34,540 httpx INFO HTTP Request: POST http://localhost:8787/v1/sensors/ingest "HTTP/1.1 202 Accepted"
2026-04-28 14:20:35,320 httpx INFO HTTP Request: POST http://localhost:8787/v1/sensors/ingest "HTTP/1.1 202 Accepted"
2026-04-28 14:20:36,362 httpx INFO HTTP Request: POST http://localhost:8787/v1/sensors/ingest "HTTP/1.1 202 Accepted"
2026-04-28 14:20:37,199 httpx INFO HTTP Request: POST http://localhost:8787/v1/sensors/ingest "HTTP/1.1 202 Accepted"
2026-04-28 14:20:37,987 httpx INFO HTTP Request: POST http://localhost:8787/v1/sensors/ingest "HTTP/1.1 202 Accepted"
2026-04-28 14:20:38,803 httpx INFO HTTP Request: POST http://localhost:8787/v1/sensors/ingest "HTTP/1.1 202 Accepted"
2026-04-28 14:20:39,833 httpx INFO HTTP Request: POST http://localhost:8787/v1/sensors/ingest "HTTP/1.1 202 Accepted"
2026-04-28 14:20:40,810 httpx INFO HTTP Request: POST http://localhost:8787/v1/sensors/ingest "HTTP/1.1 202 Accepted"
2026-04-28 14:20:41,782 httpx INFO HTTP Request: POST http://localhost:8787/v1/sensors/ingest "HTTP/1.1 202 Accepted"
2026-04-28 14:20:42,797 httpx INFO HTTP Request: POST http://localhost:8787/v1/sensors/ingest "HTTP/1.1 202 Accepted"
2026-04-28 14:20:43,857 httpx INFO HTTP Request: POST http://localhost:8787/v1/sensors/ingest "HTTP/1.1 202 Accepted"
2026-04-28 14:20:44,927 httpx INFO HTTP Request: POST http://localhost:8787/v1/sensors/ingest "HTTP/1.1 202 Accepted"
2026-04-28 14:20:45,998 httpx INFO HTTP Request: POST http://localhost:8787/v1/sensors/ingest "HTTP/1.1 202 Accepted"
2026-04-28 14:20:46,938 httpx INFO HTTP Request: POST http://localhost:8787/v1/sensors/ingest "HTTP/1.1 202 Accepted"
2026-04-28 14:20:47,808 httpx INFO HTTP Request: POST http://localhost:8787/v1/sensors/ingest "HTTP/1.1 202 Accepted"
2026-04-28 14:20:48,695 httpx INFO HTTP Request: POST http://localhost:8787/v1/sensors/ingest "HTTP/1.1 202 Accepted"
2026-04-28 14:20:49,569 httpx INFO HTTP Request: POST http://localhost:8787/v1/sensors/ingest "HTTP/1.1 202 Accepted"
2026-04-28 14:20:50,440 httpx INFO HTTP Request: POST http://localhost:8787/v1/sensors/ingest "HTTP/1.1 202 Accepted"
2026-04-28 14:20:51,308 httpx INFO HTTP Request: POST http://localhost:8787/v1/sensors/ingest "HTTP/1.1 202 Accepted"
2026-04-28 14:20:52,177 httpx INFO HTTP Request: POST http://localhost:8787/v1/sensors/ingest "HTTP/1.1 202 Accepted"
2026-04-28 14:20:53,042 httpx INFO HTTP Request: POST http://localhost:8787/v1/sensors/ingest "HTTP/1.1 202 Accepted"
2026-04-28 14:20:53,924 httpx INFO HTTP Request: POST http://localhost:8787/v1/sensors/ingest "HTTP/1.1 202 Accepted"
2026-04-28 14:20:54,801 httpx INFO HTTP Request: POST http://localhost:8787/v1/sensors/ingest "HTTP/1.1 202 Accepted"
2026-04-28 14:20:55,670 httpx INFO HTTP Request: POST http://localhost:8787/v1/sensors/ingest "HTTP/1.1 202 Accepted"
2026-04-28 14:20:56,538 httpx INFO HTTP Request: POST http://localhost:8787/v1/sensors/ingest "HTTP/1.1 202 Accepted"
2026-04-28 14:20:57,405 httpx INFO HTTP Request: POST http://localhost:8787/v1/sensors/ingest "HTTP/1.1 202 Accepted"
2026-04-28 14:20:58,269 httpx INFO HTTP Request: POST http://localhost:8787/v1/sensors/ingest "HTTP/1.1 202 Accepted"
2026-04-28 14:20:59,148 httpx INFO HTTP Request: POST http://localhost:8787/v1/sensors/ingest "HTTP/1.1 202 Accepted"
2026-04-28 14:21:00,012 httpx INFO HTTP Request: POST http://localhost:8787/v1/sensors/ingest "HTTP/1.1 202 Accepted"
2026-04-28 14:21:00,880 httpx INFO HTTP Request: POST http://localhost:8787/v1/sensors/ingest "HTTP/1.1 202 Accepted"
2026-04-28 14:21:01,744 httpx INFO HTTP Request: POST http://localhost:8787/v1/sensors/ingest "HTTP/1.1 202 Accepted"
2026-04-28 14:21:02,609 httpx INFO HTTP Request: POST http://localhost:8787/v1/sensors/ingest "HTTP/1.1 202 Accepted"
2026-04-28 14:21:03,478 httpx INFO HTTP Request: POST http://localhost:8787/v1/sensors/ingest "HTTP/1.1 202 Accepted"
2026-04-28 14:21:04,355 httpx INFO HTTP Request: POST http://localhost:8787/v1/sensors/ingest "HTTP/1.1 202 Accepted"
2026-04-28 14:21:05,223 httpx INFO HTTP Request: POST http://localhost:8787/v1/sensors/ingest "HTTP/1.1 202 Accepted"
2026-04-28 14:21:06,112 httpx INFO HTTP Request: POST http://localhost:8787/v1/sensors/ingest "HTTP/1.1 202 Accepted"
2026-04-28 14:21:06,980 httpx INFO HTTP Request: POST http://localhost:8787/v1/sensors/ingest "HTTP/1.1 202 Accepted"
2026-04-28 14:21:07,846 httpx INFO HTTP Request: POST http://localhost:8787/v1/sensors/ingest "HTTP/1.1 202 Accepted"
2026-04-28 14:21:08,726 httpx INFO HTTP Request: POST http://localhost:8787/v1/sensors/ingest "HTTP/1.1 202 Accepted"
2026-04-28 14:21:09,474 httpx INFO HTTP Request: POST http://localhost:8787/v1/sensors/ingest "HTTP/1.1 202 Accepted"
2026-04-28 14:21:10,209 httpx INFO HTTP Request: POST http://localhost:8787/v1/sensors/ingest "HTTP/1.1 202 Accepted"
2026-04-28 14:21:10,964 httpx INFO HTTP Request: POST http://localhost:8787/v1/sensors/ingest "HTTP/1.1 202 Accepted"
2026-04-28 14:21:11,718 httpx INFO HTTP Request: POST http://localhost:8787/v1/sensors/ingest "HTTP/1.1 202 Accepted"
2026-04-28 14:21:12,468 httpx INFO HTTP Request: POST http://localhost:8787/v1/sensors/ingest "HTTP/1.1 202 Accepted"
2026-04-28 14:21:13,247 httpx INFO HTTP Request: POST http://localhost:8787/v1/sensors/ingest "HTTP/1.1 202 Accepted"
2026-04-28 14:21:14,007 httpx INFO HTTP Request: POST http://localhost:8787/v1/sensors/ingest "HTTP/1.1 202 Accepted"
2026-04-28 14:21:14,756 httpx INFO HTTP Request: POST http://localhost:8787/v1/sensors/ingest "HTTP/1.1 202 Accepted"
2026-04-28 14:21:15,511 httpx INFO HTTP Request: POST http://localhost:8787/v1/sensors/ingest "HTTP/1.1 202 Accepted"
2026-04-28 14:21:16,261 httpx INFO HTTP Request: POST http://localhost:8787/v1/sensors/ingest "HTTP/1.1 202 Accepted"
2026-04-28 14:21:17,014 httpx INFO HTTP Request: POST http://localhost:8787/v1/sensors/ingest "HTTP/1.1 202 Accepted"
2026-04-28 14:21:17,759 httpx INFO HTTP Request: POST http://localhost:8787/v1/sensors/ingest "HTTP/1.1 202 Accepted"
2026-04-28 14:21:18,511 httpx INFO HTTP Request: POST http://localhost:8787/v1/sensors/ingest "HTTP/1.1 202 Accepted"
2026-04-28 14:21:19,273 httpx INFO HTTP Request: POST http://localhost:8787/v1/sensors/ingest "HTTP/1.1 202 Accepted"
2026-04-28 14:21:20,286 httpx INFO HTTP Request: POST http://localhost:8787/v1/sensors/ingest "HTTP/1.1 202 Accepted"
2026-04-28 14:21:21,187 httpx INFO HTTP Request: POST http://localhost:8787/v1/sensors/ingest "HTTP/1.1 202 Accepted"
2026-04-28 14:21:21,990 httpx INFO HTTP Request: POST http://localhost:8787/v1/sensors/ingest "HTTP/1.1 202 Accepted"
2026-04-28 14:21:23,070 httpx INFO HTTP Request: POST http://localhost:8787/v1/sensors/ingest "HTTP/1.1 202 Accepted"
2026-04-28 14:21:23,962 httpx INFO HTTP Request: POST http://localhost:8787/v1/sensors/ingest "HTTP/1.1 202 Accepted"
2026-04-28 14:21:24,851 httpx INFO HTTP Request: POST http://localhost:8787/v1/sensors/ingest "HTTP/1.1 202 Accepted"
2026-04-28 14:21:25,749 httpx INFO HTTP Request: POST http://localhost:8787/v1/sensors/ingest "HTTP/1.1 202 Accepted"
2026-04-28 14:21:26,788 httpx INFO HTTP Request: POST http://localhost:8787/v1/sensors/ingest "HTTP/1.1 202 Accepted"
2026-04-28 14:21:27,887 httpx INFO HTTP Request: POST http://localhost:8787/v1/sensors/ingest "HTTP/1.1 202 Accepted"
2026-04-28 14:21:28,776 httpx INFO HTTP Request: POST http://localhost:8787/v1/sensors/ingest "HTTP/1.1 202 Accepted"
2026-04-28 14:21:29,632 httpx INFO HTTP Request: POST http://localhost:8787/v1/sensors/ingest "HTTP/1.1 202 Accepted"
2026-04-28 14:21:30,407 httpx INFO HTTP Request: POST http://localhost:8787/v1/sensors/ingest "HTTP/1.1 202 Accepted"
2026-04-28 14:21:31,185 httpx INFO HTTP Request: POST http://localhost:8787/v1/sensors/ingest "HTTP/1.1 202 Accepted"
2026-04-28 14:21:32,122 httpx INFO HTTP Request: POST http://localhost:8787/v1/sensors/ingest "HTTP/1.1 202 Accepted"
2026-04-28 14:21:33,203 httpx INFO HTTP Request: POST http://localhost:8787/v1/sensors/ingest "HTTP/1.1 202 Accepted"
2026-04-28 14:21:34,071 httpx INFO HTTP Request: POST http://localhost:8787/v1/sensors/ingest "HTTP/1.1 202 Accepted"
2026-04-28 14:21:34,821 httpx INFO HTTP Request: POST http://localhost:8787/v1/sensors/ingest "HTTP/1.1 202 Accepted"
2026-04-28 14:21:35,617 httpx INFO HTTP Request: POST http://localhost:8787/v1/sensors/ingest "HTTP/1.1 202 Accepted"
2026-04-28 14:21:36,415 httpx INFO HTTP Request: POST http://localhost:8787/v1/sensors/ingest "HTTP/1.1 202 Accepted"
2026-04-28 14:21:37,312 httpx INFO HTTP Request: POST http://localhost:8787/v1/sensors/ingest "HTTP/1.1 202 Accepted"
2026-04-28 14:21:38,321 httpx INFO HTTP Request: POST http://localhost:8787/v1/sensors/ingest "HTTP/1.1 202 Accepted"
2026-04-28 14:21:39,444 httpx INFO HTTP Request: POST http://localhost:8787/v1/sensors/ingest "HTTP/1.1 202 Accepted"
2026-04-28 14:21:40,494 httpx INFO HTTP Request: POST http://localhost:8787/v1/sensors/ingest "HTTP/1.1 202 Accepted"
2026-04-28 14:21:41,466 httpx INFO HTTP Request: POST http://localhost:8787/v1/sensors/ingest "HTTP/1.1 202 Accepted"
2026-04-28 14:21:42,282 httpx INFO HTTP Request: POST http://localhost:8787/v1/sensors/ingest "HTTP/1.1 202 Accepted"
2026-04-28 14:21:43,072 httpx INFO HTTP Request: POST http://localhost:8787/v1/sensors/ingest "HTTP/1.1 202 Accepted"
2026-04-28 14:21:44,077 httpx INFO HTTP Request: POST http://localhost:8787/v1/sensors/ingest "HTTP/1.1 202 Accepted"
2026-04-28 14:21:44,956 httpx INFO HTTP Request: POST http://localhost:8787/v1/sensors/ingest "HTTP/1.1 202 Accepted"
2026-04-28 14:21:45,995 httpx INFO HTTP Request: POST http://localhost:8787/v1/sensors/ingest "HTTP/1.1 202 Accepted"
2026-04-28 14:21:46,968 httpx INFO HTTP Request: POST http://localhost:8787/v1/sensors/ingest "HTTP/1.1 202 Accepted"
2026-04-28 14:21:47,739 httpx INFO HTTP Request: POST http://localhost:8787/v1/sensors/ingest "HTTP/1.1 202 Accepted"
2026-04-28 14:21:48,530 httpx INFO HTTP Request: POST http://localhost:8787/v1/sensors/ingest "HTTP/1.1 202 Accepted"
2026-04-28 14:21:49,357 httpx INFO HTTP Request: POST http://localhost:8787/v1/sensors/ingest "HTTP/1.1 202 Accepted"
2026-04-28 14:21:50,119 httpx INFO HTTP Request: POST http://localhost:8787/v1/sensors/ingest "HTTP/1.1 202 Accepted"
2026-04-28 14:21:50,883 httpx INFO HTTP Request: POST http://localhost:8787/v1/sensors/ingest "HTTP/1.1 202 Accepted"
2026-04-28 14:21:51,670 httpx INFO HTTP Request: POST http://localhost:8787/v1/sensors/ingest "HTTP/1.1 202 Accepted"
2026-04-28 14:21:52,471 httpx INFO HTTP Request: POST http://localhost:8787/v1/sensors/ingest "HTTP/1.1 202 Accepted"
2026-04-28 14:21:53,268 httpx INFO HTTP Request: POST http://localhost:8787/v1/sensors/ingest "HTTP/1.1 202 Accepted"
2026-04-28 14:21:54,058 httpx INFO HTTP Request: POST http://localhost:8787/v1/sensors/ingest "HTTP/1.1 202 Accepted"
2026-04-28 14:21:54,847 httpx INFO HTTP Request: POST http://localhost:8787/v1/sensors/ingest "HTTP/1.1 202 Accepted"
2026-04-28 14:21:55,618 httpx INFO HTTP Request: POST http://localhost:8787/v1/sensors/ingest "HTTP/1.1 202 Accepted"
2026-04-28 14:21:56,389 httpx INFO HTTP Request: POST http://localhost:8787/v1/sensors/ingest "HTTP/1.1 202 Accepted"
2026-04-28 14:21:57,184 httpx INFO HTTP Request: POST http://localhost:8787/v1/sensors/ingest "HTTP/1.1 202 Accepted"
2026-04-28 14:21:58,062 httpx INFO HTTP Request: POST http://localhost:8787/v1/sensors/ingest "HTTP/1.1 202 Accepted"
2026-04-28 14:21:58,858 httpx INFO HTTP Request: POST http://localhost:8787/v1/sensors/ingest "HTTP/1.1 202 Accepted"
2026-04-28 14:21:59,654 httpx INFO HTTP Request: POST http://localhost:8787/v1/sensors/ingest "HTTP/1.1 202 Accepted"
2026-04-28 14:22:00,442 httpx INFO HTTP Request: POST http://localhost:8787/v1/sensors/ingest "HTTP/1.1 202 Accepted"
2026-04-28 14:22:01,209 httpx INFO HTTP Request: POST http://localhost:8787/v1/sensors/ingest "HTTP/1.1 202 Accepted"
2026-04-28 14:22:01,987 httpx INFO HTTP Request: POST http://localhost:8787/v1/sensors/ingest "HTTP/1.1 202 Accepted"
2026-04-28 14:22:02,760 httpx INFO HTTP Request: POST http://localhost:8787/v1/sensors/ingest "HTTP/1.1 202 Accepted"
2026-04-28 14:22:03,534 httpx INFO HTTP Request: POST http://localhost:8787/v1/sensors/ingest "HTTP/1.1 202 Accepted"
2026-04-28 14:22:04,156 vsbs_carla.live INFO arrived at SC (distance=7.8m)
2026-04-28 14:22:04,170 httpx INFO HTTP Request: POST http://localhost:8787/v1/dispatch/c17bbdbc-101a-4a09-a3a4-3d201912ac95/arrive "HTTP/1.1 200 OK"
2026-04-28 14:22:04,185 httpx INFO HTTP Request: POST http://localhost:8787/v1/dispatch/c17bbdbc-101a-4a09-a3a4-3d201912ac95/begin-service "HTTP/1.1 200 OK"
2026-04-28 14:22:04,197 httpx INFO HTTP Request: POST http://localhost:8787/v1/scenarios/f91a5d06-8fc9-41a2-b4c4-d14bb17c29aa/transition "HTTP/1.1 200 OK"
2026-04-28 14:22:04,199 vsbs_carla.agent INFO state=SERVICING note=Vehicle in bay; service window started.
2026-04-28 14:22:04,307 httpx INFO HTTP Request: POST http://localhost:8787/v1/sensors/ingest "HTTP/1.1 202 Accepted"
2026-04-28 14:22:05,092 httpx INFO HTTP Request: POST http://localhost:8787/v1/sensors/ingest "HTTP/1.1 202 Accepted"
2026-04-28 14:22:05,854 httpx INFO HTTP Request: POST http://localhost:8787/v1/sensors/ingest "HTTP/1.1 202 Accepted"
2026-04-28 14:22:06,660 httpx INFO HTTP Request: POST http://localhost:8787/v1/sensors/ingest "HTTP/1.1 202 Accepted"
2026-04-28 14:22:07,449 httpx INFO HTTP Request: POST http://localhost:8787/v1/sensors/ingest "HTTP/1.1 202 Accepted"
2026-04-28 14:22:08,205 httpx INFO HTTP Request: POST http://localhost:8787/v1/sensors/ingest "HTTP/1.1 202 Accepted"
2026-04-28 14:22:09,002 httpx INFO HTTP Request: POST http://localhost:8787/v1/sensors/ingest "HTTP/1.1 202 Accepted"
2026-04-28 14:22:09,772 httpx INFO HTTP Request: POST http://localhost:8787/v1/sensors/ingest "HTTP/1.1 202 Accepted"
2026-04-28 14:22:10,373 vsbs_carla.live INFO service complete; minting return grant
2026-04-28 14:22:10,382 httpx INFO HTTP Request: POST http://localhost:8787/v1/dispatch/c17bbdbc-101a-4a09-a3a4-3d201912ac95/complete "HTTP/1.1 200 OK"
2026-04-28 14:22:10,392 httpx INFO HTTP Request: POST http://localhost:8787/v1/scenarios/f91a5d06-8fc9-41a2-b4c4-d14bb17c29aa/transition "HTTP/1.1 200 OK"
2026-04-28 14:22:10,393 vsbs_carla.agent INFO state=AWAITING_RETURN_GRANT note=Service complete; minting return grant.
2026-04-28 14:22:10,401 httpx INFO HTTP Request: POST http://localhost:8787/v1/dispatch/c17bbdbc-101a-4a09-a3a4-3d201912ac95/return-leg "HTTP/1.1 200 OK"
2026-04-28 14:22:10,414 httpx INFO HTTP Request: POST http://localhost:8787/v1/scenarios/f91a5d06-8fc9-41a2-b4c4-d14bb17c29aa/transition "HTTP/1.1 200 OK"
2026-04-28 14:22:10,415 vsbs_carla.agent INFO state=DRIVING_HOME note=Return grant a244d820-8d54-4ffb-8c8e-1b48b3381e32 verified; en route home.
2026-04-28 14:22:10,416 vsbs_carla.live INFO return grant active; routing home
2026-04-28 14:22:10,582 vsbs_carla.live INFO controller: BasicAgent routing to Location(x=335.489990, y=273.743317, z=0.300000)
2026-04-28 14:22:10,695 httpx INFO HTTP Request: POST http://localhost:8787/v1/sensors/ingest "HTTP/1.1 202 Accepted"
2026-04-28 14:22:11,441 httpx INFO HTTP Request: POST http://localhost:8787/v1/sensors/ingest "HTTP/1.1 202 Accepted"
2026-04-28 14:22:12,281 httpx INFO HTTP Request: POST http://localhost:8787/v1/sensors/ingest "HTTP/1.1 202 Accepted"
2026-04-28 14:22:13,058 httpx INFO HTTP Request: POST http://localhost:8787/v1/sensors/ingest "HTTP/1.1 202 Accepted"
2026-04-28 14:22:13,853 httpx INFO HTTP Request: POST http://localhost:8787/v1/sensors/ingest "HTTP/1.1 202 Accepted"
2026-04-28 14:22:14,639 httpx INFO HTTP Request: POST http://localhost:8787/v1/sensors/ingest "HTTP/1.1 202 Accepted"
2026-04-28 14:22:15,409 httpx INFO HTTP Request: POST http://localhost:8787/v1/sensors/ingest "HTTP/1.1 202 Accepted"
2026-04-28 14:22:16,173 httpx INFO HTTP Request: POST http://localhost:8787/v1/sensors/ingest "HTTP/1.1 202 Accepted"
2026-04-28 14:22:16,940 httpx INFO HTTP Request: POST http://localhost:8787/v1/sensors/ingest "HTTP/1.1 202 Accepted"
2026-04-28 14:22:17,749 httpx INFO HTTP Request: POST http://localhost:8787/v1/sensors/ingest "HTTP/1.1 202 Accepted"
2026-04-28 14:22:18,516 httpx INFO HTTP Request: POST http://localhost:8787/v1/sensors/ingest "HTTP/1.1 202 Accepted"
2026-04-28 14:22:19,294 httpx INFO HTTP Request: POST http://localhost:8787/v1/sensors/ingest "HTTP/1.1 202 Accepted"
2026-04-28 14:22:20,085 httpx INFO HTTP Request: POST http://localhost:8787/v1/sensors/ingest "HTTP/1.1 202 Accepted"
2026-04-28 14:22:20,881 httpx INFO HTTP Request: POST http://localhost:8787/v1/sensors/ingest "HTTP/1.1 202 Accepted"
2026-04-28 14:22:21,663 httpx INFO HTTP Request: POST http://localhost:8787/v1/sensors/ingest "HTTP/1.1 202 Accepted"
2026-04-28 14:22:22,441 httpx INFO HTTP Request: POST http://localhost:8787/v1/sensors/ingest "HTTP/1.1 202 Accepted"
2026-04-28 14:22:23,210 httpx INFO HTTP Request: POST http://localhost:8787/v1/sensors/ingest "HTTP/1.1 202 Accepted"
2026-04-28 14:22:24,005 httpx INFO HTTP Request: POST http://localhost:8787/v1/sensors/ingest "HTTP/1.1 202 Accepted"
2026-04-28 14:22:24,782 httpx INFO HTTP Request: POST http://localhost:8787/v1/sensors/ingest "HTTP/1.1 202 Accepted"
2026-04-28 14:22:25,559 httpx INFO HTTP Request: POST http://localhost:8787/v1/sensors/ingest "HTTP/1.1 202 Accepted"
2026-04-28 14:22:26,337 httpx INFO HTTP Request: POST http://localhost:8787/v1/sensors/ingest "HTTP/1.1 202 Accepted"
2026-04-28 14:22:27,139 httpx INFO HTTP Request: POST http://localhost:8787/v1/sensors/ingest "HTTP/1.1 202 Accepted"
2026-04-28 14:22:27,933 httpx INFO HTTP Request: POST http://localhost:8787/v1/sensors/ingest "HTTP/1.1 202 Accepted"
2026-04-28 14:22:28,739 httpx INFO HTTP Request: POST http://localhost:8787/v1/sensors/ingest "HTTP/1.1 202 Accepted"
2026-04-28 14:22:29,523 httpx INFO HTTP Request: POST http://localhost:8787/v1/sensors/ingest "HTTP/1.1 202 Accepted"
2026-04-28 14:22:30,320 httpx INFO HTTP Request: POST http://localhost:8787/v1/sensors/ingest "HTTP/1.1 202 Accepted"
2026-04-28 14:22:31,103 httpx INFO HTTP Request: POST http://localhost:8787/v1/sensors/ingest "HTTP/1.1 202 Accepted"
2026-04-28 14:22:31,905 httpx INFO HTTP Request: POST http://localhost:8787/v1/sensors/ingest "HTTP/1.1 202 Accepted"
2026-04-28 14:22:32,772 httpx INFO HTTP Request: POST http://localhost:8787/v1/sensors/ingest "HTTP/1.1 202 Accepted"
2026-04-28 14:22:34,030 httpx INFO HTTP Request: POST http://localhost:8787/v1/sensors/ingest "HTTP/1.1 202 Accepted"
2026-04-28 14:22:34,844 httpx INFO HTTP Request: POST http://localhost:8787/v1/sensors/ingest "HTTP/1.1 202 Accepted"
2026-04-28 14:22:35,640 httpx INFO HTTP Request: POST http://localhost:8787/v1/sensors/ingest "HTTP/1.1 202 Accepted"
2026-04-28 14:22:36,415 httpx INFO HTTP Request: POST http://localhost:8787/v1/sensors/ingest "HTTP/1.1 202 Accepted"
2026-04-28 14:22:37,206 httpx INFO HTTP Request: POST http://localhost:8787/v1/sensors/ingest "HTTP/1.1 202 Accepted"
2026-04-28 14:22:38,020 httpx INFO HTTP Request: POST http://localhost:8787/v1/sensors/ingest "HTTP/1.1 202 Accepted"
2026-04-28 14:22:38,825 httpx INFO HTTP Request: POST http://localhost:8787/v1/sensors/ingest "HTTP/1.1 202 Accepted"
2026-04-28 14:22:39,623 httpx INFO HTTP Request: POST http://localhost:8787/v1/sensors/ingest "HTTP/1.1 202 Accepted"
2026-04-28 14:22:40,403 httpx INFO HTTP Request: POST http://localhost:8787/v1/sensors/ingest "HTTP/1.1 202 Accepted"
2026-04-28 14:22:41,187 httpx INFO HTTP Request: POST http://localhost:8787/v1/sensors/ingest "HTTP/1.1 202 Accepted"
2026-04-28 14:22:41,966 httpx INFO HTTP Request: POST http://localhost:8787/v1/sensors/ingest "HTTP/1.1 202 Accepted"
2026-04-28 14:22:42,737 httpx INFO HTTP Request: POST http://localhost:8787/v1/sensors/ingest "HTTP/1.1 202 Accepted"
2026-04-28 14:22:43,531 httpx INFO HTTP Request: POST http://localhost:8787/v1/sensors/ingest "HTTP/1.1 202 Accepted"
2026-04-28 14:22:44,316 httpx INFO HTTP Request: POST http://localhost:8787/v1/sensors/ingest "HTTP/1.1 202 Accepted"
2026-04-28 14:22:45,091 httpx INFO HTTP Request: POST http://localhost:8787/v1/sensors/ingest "HTTP/1.1 202 Accepted"
2026-04-28 14:22:45,864 httpx INFO HTTP Request: POST http://localhost:8787/v1/sensors/ingest "HTTP/1.1 202 Accepted"
2026-04-28 14:22:46,644 httpx INFO HTTP Request: POST http://localhost:8787/v1/sensors/ingest "HTTP/1.1 202 Accepted"
2026-04-28 14:22:47,407 httpx INFO HTTP Request: POST http://localhost:8787/v1/sensors/ingest "HTTP/1.1 202 Accepted"
2026-04-28 14:22:48,181 httpx INFO HTTP Request: POST http://localhost:8787/v1/sensors/ingest "HTTP/1.1 202 Accepted"
2026-04-28 14:22:48,993 httpx INFO HTTP Request: POST http://localhost:8787/v1/sensors/ingest "HTTP/1.1 202 Accepted"
2026-04-28 14:22:49,752 httpx INFO HTTP Request: POST http://localhost:8787/v1/sensors/ingest "HTTP/1.1 202 Accepted"
2026-04-28 14:22:50,520 httpx INFO HTTP Request: POST http://localhost:8787/v1/sensors/ingest "HTTP/1.1 202 Accepted"
2026-04-28 14:22:51,291 httpx INFO HTTP Request: POST http://localhost:8787/v1/sensors/ingest "HTTP/1.1 202 Accepted"
2026-04-28 14:22:52,073 httpx INFO HTTP Request: POST http://localhost:8787/v1/sensors/ingest "HTTP/1.1 202 Accepted"
2026-04-28 14:22:52,876 httpx INFO HTTP Request: POST http://localhost:8787/v1/sensors/ingest "HTTP/1.1 202 Accepted"
2026-04-28 14:22:53,703 httpx INFO HTTP Request: POST http://localhost:8787/v1/sensors/ingest "HTTP/1.1 202 Accepted"
2026-04-28 14:22:54,480 httpx INFO HTTP Request: POST http://localhost:8787/v1/sensors/ingest "HTTP/1.1 202 Accepted"
2026-04-28 14:22:55,260 httpx INFO HTTP Request: POST http://localhost:8787/v1/sensors/ingest "HTTP/1.1 202 Accepted"
2026-04-28 14:22:56,160 httpx INFO HTTP Request: POST http://localhost:8787/v1/sensors/ingest "HTTP/1.1 202 Accepted"
2026-04-28 14:22:57,019 httpx INFO HTTP Request: POST http://localhost:8787/v1/sensors/ingest "HTTP/1.1 202 Accepted"
2026-04-28 14:22:57,815 httpx INFO HTTP Request: POST http://localhost:8787/v1/sensors/ingest "HTTP/1.1 202 Accepted"
2026-04-28 14:22:58,592 httpx INFO HTTP Request: POST http://localhost:8787/v1/sensors/ingest "HTTP/1.1 202 Accepted"
2026-04-28 14:22:59,371 httpx INFO HTTP Request: POST http://localhost:8787/v1/sensors/ingest "HTTP/1.1 202 Accepted"
2026-04-28 14:23:00,135 httpx INFO HTTP Request: POST http://localhost:8787/v1/sensors/ingest "HTTP/1.1 202 Accepted"
2026-04-28 14:23:00,930 httpx INFO HTTP Request: POST http://localhost:8787/v1/sensors/ingest "HTTP/1.1 202 Accepted"
2026-04-28 14:23:01,691 httpx INFO HTTP Request: POST http://localhost:8787/v1/sensors/ingest "HTTP/1.1 202 Accepted"
2026-04-28 14:23:02,463 httpx INFO HTTP Request: POST http://localhost:8787/v1/sensors/ingest "HTTP/1.1 202 Accepted"
2026-04-28 14:23:03,287 httpx INFO HTTP Request: POST http://localhost:8787/v1/sensors/ingest "HTTP/1.1 202 Accepted"
2026-04-28 14:23:04,074 httpx INFO HTTP Request: POST http://localhost:8787/v1/sensors/ingest "HTTP/1.1 202 Accepted"
2026-04-28 14:23:04,862 httpx INFO HTTP Request: POST http://localhost:8787/v1/sensors/ingest "HTTP/1.1 202 Accepted"
2026-04-28 14:23:05,628 httpx INFO HTTP Request: POST http://localhost:8787/v1/sensors/ingest "HTTP/1.1 202 Accepted"
2026-04-28 14:23:06,413 httpx INFO HTTP Request: POST http://localhost:8787/v1/sensors/ingest "HTTP/1.1 202 Accepted"
2026-04-28 14:23:07,233 httpx INFO HTTP Request: POST http://localhost:8787/v1/sensors/ingest "HTTP/1.1 202 Accepted"
2026-04-28 14:23:08,003 httpx INFO HTTP Request: POST http://localhost:8787/v1/sensors/ingest "HTTP/1.1 202 Accepted"
2026-04-28 14:23:08,785 httpx INFO HTTP Request: POST http://localhost:8787/v1/sensors/ingest "HTTP/1.1 202 Accepted"
2026-04-28 14:23:09,628 httpx INFO HTTP Request: POST http://localhost:8787/v1/sensors/ingest "HTTP/1.1 202 Accepted"
2026-04-28 14:23:10,415 httpx INFO HTTP Request: POST http://localhost:8787/v1/sensors/ingest "HTTP/1.1 202 Accepted"
2026-04-28 14:23:11,221 httpx INFO HTTP Request: POST http://localhost:8787/v1/sensors/ingest "HTTP/1.1 202 Accepted"
2026-04-28 14:23:11,996 httpx INFO HTTP Request: POST http://localhost:8787/v1/sensors/ingest "HTTP/1.1 202 Accepted"
2026-04-28 14:23:12,770 httpx INFO HTTP Request: POST http://localhost:8787/v1/sensors/ingest "HTTP/1.1 202 Accepted"
2026-04-28 14:23:13,553 httpx INFO HTTP Request: POST http://localhost:8787/v1/sensors/ingest "HTTP/1.1 202 Accepted"
2026-04-28 14:23:14,348 httpx INFO HTTP Request: POST http://localhost:8787/v1/sensors/ingest "HTTP/1.1 202 Accepted"
2026-04-28 14:23:15,128 httpx INFO HTTP Request: POST http://localhost:8787/v1/sensors/ingest "HTTP/1.1 202 Accepted"
2026-04-28 14:23:15,934 httpx INFO HTTP Request: POST http://localhost:8787/v1/sensors/ingest "HTTP/1.1 202 Accepted"
2026-04-28 14:23:16,716 httpx INFO HTTP Request: POST http://localhost:8787/v1/sensors/ingest "HTTP/1.1 202 Accepted"
2026-04-28 14:23:17,513 httpx INFO HTTP Request: POST http://localhost:8787/v1/sensors/ingest "HTTP/1.1 202 Accepted"
2026-04-28 14:23:18,293 httpx INFO HTTP Request: POST http://localhost:8787/v1/sensors/ingest "HTTP/1.1 202 Accepted"
2026-04-28 14:23:19,113 httpx INFO HTTP Request: POST http://localhost:8787/v1/sensors/ingest "HTTP/1.1 202 Accepted"
2026-04-28 14:23:19,950 httpx INFO HTTP Request: POST http://localhost:8787/v1/sensors/ingest "HTTP/1.1 202 Accepted"
2026-04-28 14:23:20,712 httpx INFO HTTP Request: POST http://localhost:8787/v1/sensors/ingest "HTTP/1.1 202 Accepted"
2026-04-28 14:23:21,534 httpx INFO HTTP Request: POST http://localhost:8787/v1/sensors/ingest "HTTP/1.1 202 Accepted"
2026-04-28 14:23:22,320 httpx INFO HTTP Request: POST http://localhost:8787/v1/sensors/ingest "HTTP/1.1 202 Accepted"
2026-04-28 14:23:23,103 httpx INFO HTTP Request: POST http://localhost:8787/v1/sensors/ingest "HTTP/1.1 202 Accepted"
2026-04-28 14:23:24,090 httpx INFO HTTP Request: POST http://localhost:8787/v1/sensors/ingest "HTTP/1.1 202 Accepted"
2026-04-28 14:23:24,960 httpx INFO HTTP Request: POST http://localhost:8787/v1/sensors/ingest "HTTP/1.1 202 Accepted"
2026-04-28 14:23:25,796 httpx INFO HTTP Request: POST http://localhost:8787/v1/sensors/ingest "HTTP/1.1 202 Accepted"
2026-04-28 14:23:26,575 httpx INFO HTTP Request: POST http://localhost:8787/v1/sensors/ingest "HTTP/1.1 202 Accepted"
2026-04-28 14:23:27,374 httpx INFO HTTP Request: POST http://localhost:8787/v1/sensors/ingest "HTTP/1.1 202 Accepted"
2026-04-28 14:23:28,173 httpx INFO HTTP Request: POST http://localhost:8787/v1/sensors/ingest "HTTP/1.1 202 Accepted"
2026-04-28 14:23:29,011 httpx INFO HTTP Request: POST http://localhost:8787/v1/sensors/ingest "HTTP/1.1 202 Accepted"
2026-04-28 14:23:29,781 httpx INFO HTTP Request: POST http://localhost:8787/v1/sensors/ingest "HTTP/1.1 202 Accepted"
2026-04-28 14:23:30,556 httpx INFO HTTP Request: POST http://localhost:8787/v1/sensors/ingest "HTTP/1.1 202 Accepted"
2026-04-28 14:23:31,335 httpx INFO HTTP Request: POST http://localhost:8787/v1/sensors/ingest "HTTP/1.1 202 Accepted"
2026-04-28 14:23:32,149 httpx INFO HTTP Request: POST http://localhost:8787/v1/sensors/ingest "HTTP/1.1 202 Accepted"
2026-04-28 14:23:32,910 httpx INFO HTTP Request: POST http://localhost:8787/v1/sensors/ingest "HTTP/1.1 202 Accepted"
2026-04-28 14:23:33,705 httpx INFO HTTP Request: POST http://localhost:8787/v1/sensors/ingest "HTTP/1.1 202 Accepted"
2026-04-28 14:23:34,468 httpx INFO HTTP Request: POST http://localhost:8787/v1/sensors/ingest "HTTP/1.1 202 Accepted"
2026-04-28 14:23:35,471 httpx INFO HTTP Request: POST http://localhost:8787/v1/sensors/ingest "HTTP/1.1 202 Accepted"
2026-04-28 14:23:36,379 httpx INFO HTTP Request: POST http://localhost:8787/v1/sensors/ingest "HTTP/1.1 202 Accepted"
2026-04-28 14:23:37,167 httpx INFO HTTP Request: POST http://localhost:8787/v1/sensors/ingest "HTTP/1.1 202 Accepted"
2026-04-28 14:23:37,950 httpx INFO HTTP Request: POST http://localhost:8787/v1/sensors/ingest "HTTP/1.1 202 Accepted"
2026-04-28 14:23:38,724 httpx INFO HTTP Request: POST http://localhost:8787/v1/sensors/ingest "HTTP/1.1 202 Accepted"
2026-04-28 14:23:39,508 httpx INFO HTTP Request: POST http://localhost:8787/v1/sensors/ingest "HTTP/1.1 202 Accepted"
2026-04-28 14:23:40,295 httpx INFO HTTP Request: POST http://localhost:8787/v1/sensors/ingest "HTTP/1.1 202 Accepted"
2026-04-28 14:23:41,062 httpx INFO HTTP Request: POST http://localhost:8787/v1/sensors/ingest "HTTP/1.1 202 Accepted"
2026-04-28 14:23:41,836 httpx INFO HTTP Request: POST http://localhost:8787/v1/sensors/ingest "HTTP/1.1 202 Accepted"
2026-04-28 14:23:42,316 vsbs_carla.live INFO arrived home; closing loop
2026-04-28 14:23:42,322 httpx INFO HTTP Request: POST http://localhost:8787/v1/dispatch/c17bbdbc-101a-4a09-a3a4-3d201912ac95/returned "HTTP/1.1 200 OK"
2026-04-28 14:23:42,331 httpx INFO HTTP Request: POST http://localhost:8787/v1/scenarios/f91a5d06-8fc9-41a2-b4c4-d14bb17c29aa/transition "HTTP/1.1 200 OK"
2026-04-28 14:23:42,332 vsbs_carla.agent INFO state=DONE note=Vehicle returned home; demo loop closed.
2026-04-28 14:23:42,333 vsbs_carla.live INFO === final state: DONE ===
terminate called after throwing an instance of 'std::runtime_error'
  what():  trying to operate on a destroyed actor; an actor's function was called, but the actor is already destroyed.
